0 info it worked if it ends with ok
1 verbose cli [ 'C:\\Program Files\\nodejs\\node.exe',
1 verbose cli   'C:\\Program Files\\nodejs\\node_modules\\npm\\bin\\npm-cli.js',
1 verbose cli   'run',
1 verbose cli   'report' ]
2 info using npm@3.10.10
3 info using node@v6.11.0
4 verbose run-script [ 'prereport', 'report', 'postreport' ]
5 info lifecycle losestudiantes-cucumber@1.0.0~prereport: losestudiantes-cucumber@1.0.0
6 silly lifecycle losestudiantes-cucumber@1.0.0~prereport: no script for prereport, continuing
7 info lifecycle losestudiantes-cucumber@1.0.0~report: losestudiantes-cucumber@1.0.0
8 verbose lifecycle losestudiantes-cucumber@1.0.0~report: unsafe-perm in lifecycle true
9 verbose lifecycle losestudiantes-cucumber@1.0.0~report: PATH: C:\Program Files\nodejs\node_modules\npm\bin\node-gyp-bin;D:\4208\miso-4208\Documentacion\Sprint-3\Cucumber\proyect-source\node_modules\.bin;C:\Program Files\Docker\Docker\Resources\bin;C:\ProgramData\Oracle\Java\javapath;C:\WINDOWS\system32;C:\WINDOWS;C:\WINDOWS\System32\Wbem;C:\WINDOWS\System32\WindowsPowerShell\v1.0\;C:\Program Files (x86)\Git\cmd;C:\Program Files\nodejs\;C:\Program Files (x86)\Windows Kits\8.1\Windows Performance Toolkit\;D:\build-tool\gradle-4.1\bin;C:\Program Files\Java\jdk1.8.0_131\bin;C:\Ruby24-x64\bin;C:\Users\Juan Hernández\AppData\Local\Microsoft\WindowsApps;C:\Users\Juan Hernández\AppData\Roaming\npm;C:\Program Files\Microsoft VS Code\bin
10 verbose lifecycle losestudiantes-cucumber@1.0.0~report: CWD: D:\4208\miso-4208\Documentacion\Sprint-3\Cucumber\proyect-source
11 silly lifecycle losestudiantes-cucumber@1.0.0~report: Args: [ '/d /s /c',
11 silly lifecycle   'allure generate allure-results && allure report open' ]
12 silly lifecycle losestudiantes-cucumber@1.0.0~report: Returned: code: 1  signal: null
13 info lifecycle losestudiantes-cucumber@1.0.0~report: Failed to exec report script
14 verbose stack Error: losestudiantes-cucumber@1.0.0 report: `allure generate allure-results && allure report open`
14 verbose stack Exit status 1
14 verbose stack     at EventEmitter.<anonymous> (C:\Program Files\nodejs\node_modules\npm\lib\utils\lifecycle.js:255:16)
14 verbose stack     at emitTwo (events.js:106:13)
14 verbose stack     at EventEmitter.emit (events.js:191:7)
14 verbose stack     at ChildProcess.<anonymous> (C:\Program Files\nodejs\node_modules\npm\lib\utils\spawn.js:40:14)
14 verbose stack     at emitTwo (events.js:106:13)
14 verbose stack     at ChildProcess.emit (events.js:191:7)
14 verbose stack     at maybeClose (internal/child_process.js:891:16)
14 verbose stack     at Process.ChildProcess._handle.onexit (internal/child_process.js:226:5)
15 verbose pkgid losestudiantes-cucumber@1.0.0
16 verbose cwd D:\4208\miso-4208\Documentacion\Sprint-3\Cucumber\proyect-source
17 error Windows_NT 10.0.15063
18 error argv "C:\\Program Files\\nodejs\\node.exe" "C:\\Program Files\\nodejs\\node_modules\\npm\\bin\\npm-cli.js" "run" "report"
19 error node v6.11.0
20 error npm  v3.10.10
21 error code ELIFECYCLE
22 error losestudiantes-cucumber@1.0.0 report: `allure generate allure-results && allure report open`
22 error Exit status 1
23 error Failed at the losestudiantes-cucumber@1.0.0 report script 'allure generate allure-results && allure report open'.
23 error Make sure you have the latest version of node.js and npm installed.
23 error If you do, this is most likely a problem with the losestudiantes-cucumber package,
23 error not with npm itself.
23 error Tell the author that this fails on your system:
23 error     allure generate allure-results && allure report open
23 error You can get information on how to open an issue for this project with:
23 error     npm bugs losestudiantes-cucumber
23 error Or if that isn't available, you can get their info via:
23 error     npm owner ls losestudiantes-cucumber
23 error There is likely additional logging output above.
24 verbose exit [ 1, true ]
